{"numFailedTestSuites":0,"numFailedTests":0,"numPassedTestSuites":5,"numPassedTests":26,"numPendingTestSuites":0,"numPendingTests":0,"numRuntimeErrorTestSuites":0,"numTodoTests":0,"numTotalTestSuites":5,"numTotalTests":26,"openHandles":[],"snapshot":{"added":0,"didUpdate":false,"failure":false,"filesAdded":0,"filesRemoved":0,"filesRemovedList":[],"filesUnmatched":0,"filesUpdated":0,"matched":0,"total":0,"unchecked":0,"uncheckedKeysByFile":[],"unmatched":0,"updated":0},"startTime":1755789194096,"success":true,"testResults":[{"assertionResults":[{"ancestorTitles":["scraper 주요 기능"],"duration":253,"failureDetails":[],"failureMessages":[],"fullName":"scraper 주요 기능 scrapeBoardPage 게시글 번호 배열 반환","invocations":1,"location":null,"numPassingAsserts":3,"retryReasons":[],"status":"passed","title":"scrapeBoardPage 게시글 번호 배열 반환"},{"ancestorTitles":["scraper 주요 기능"],"duration":7257,"failureDetails":[],"failureMessages":[],"fullName":"scraper 주요 기능 scrapeBoardPage: 잘못된 갤러리 ID 입력 시 빈 배열 반환","invocations":1,"location":null,"numPassingAsserts":2,"retryReasons":[],"status":"passed","title":"scrapeBoardPage: 잘못된 갤러리 ID 입력 시 빈 배열 반환"},{"ancestorTitles":["scraper 주요 기능"],"duration":454,"failureDetails":[],"failureMessages":[],"fullName":"scraper 주요 기능 getPostContent: 게시글 상세 정보 반환","invocations":1,"location":null,"numPassingAsserts":6,"retryReasons":[],"status":"passed","title":"getPostContent: 게시글 상세 정보 반환"},{"ancestorTitles":["scraper 주요 기능"],"duration":327,"failureDetails":[],"failureMessages":[],"fullName":"scraper 주요 기능 getPostContent: 댓글이 있는 게시글 번호로 호출 시 댓글 정보 포함","invocations":1,"location":null,"numPassingAsserts":4,"retryReasons":[],"status":"passed","title":"getPostContent: 댓글이 있는 게시글 번호로 호출 시 댓글 정보 포함"},{"ancestorTitles":["scraper 주요 기능"],"duration":7419,"failureDetails":[],"failureMessages":[],"fullName":"scraper 주요 기능 getPostContent: 존재하지 않는 게시글 번호 입력 시 null 반환","invocations":1,"location":null,"numPassingAsserts":1,"retryReasons":[],"status":"passed","title":"getPostContent: 존재하지 않는 게시글 번호 입력 시 null 반환"},{"ancestorTitles":["scraper 주요 기능"],"duration":0,"failureDetails":[],"failureMessages":[],"fullName":"scraper 주요 기능 scrapeBoardPage: 페이지 범위가 0 이하일 때 빈 배열 반환","invocations":1,"location":null,"numPassingAsserts":2,"retryReasons":[],"status":"passed","title":"scrapeBoardPage: 페이지 범위가 0 이하일 때 빈 배열 반환"},{"ancestorTitles":["scraper 주요 기능"],"duration":179,"failureDetails":[],"failureMessages":[],"fullName":"scraper 주요 기능 scrapeBoardPage: 옵션 없이 호출 시 정상 동작","invocations":1,"location":null,"numPassingAsserts":2,"retryReasons":[],"status":"passed","title":"scrapeBoardPage: 옵션 없이 호출 시 정상 동작"},{"ancestorTitles":["scraper 주요 기능"],"duration":7590,"failureDetails":[],"failureMessages":[],"fullName":"scraper 주요 기능 getPostContent: 잘못된 갤러리 ID 입력 시 null 반환","invocations":1,"location":null,"numPassingAsserts":1,"retryReasons":[],"status":"passed","title":"getPostContent: 잘못된 갤러리 ID 입력 시 null 반환"},{"ancestorTitles":["scraper 주요 기능"],"duration":0,"failureDetails":[],"failureMessages":[],"fullName":"scraper 주요 기능 getPostContent: 게시글 번호가 문자열이 아닌 경우 null 반환","invocations":1,"location":null,"numPassingAsserts":1,"retryReasons":[],"status":"passed","title":"getPostContent: 게시글 번호가 문자열이 아닌 경우 null 반환"}],"endTime":1755789218092,"message":"","name":"C:\\Users\\Lamin\\Documents\\Github\\dcinside-exporter\\tests\\scraper.test.js","startTime":1755789194141,"status":"passed","summary":""},{"assertionResults":[{"ancestorTitles":["Public API (index.js) - unit (mocked)"],"duration":2,"failureDetails":[],"failureMessages":[],"fullName":"Public API (index.js) - unit (mocked) getPostList delegates to scrapeBoardPage and returns list","invocations":1,"location":null,"numPassingAsserts":2,"retryReasons":[],"status":"passed","title":"getPostList delegates to scrapeBoardPage and returns list"},{"ancestorTitles":["Public API (index.js) - unit (mocked)"],"duration":1,"failureDetails":[],"failureMessages":[],"fullName":"Public API (index.js) - unit (mocked) getPost delegates to mobile getMobilePostContent with rest options including retryCount","invocations":1,"location":null,"numPassingAsserts":2,"retryReasons":[],"status":"passed","title":"getPost delegates to mobile getMobilePostContent with rest options including retryCount"},{"ancestorTitles":["Public API (index.js) - unit (mocked)"],"duration":0,"failureDetails":[],"failureMessages":[],"fullName":"Public API (index.js) - unit (mocked) getPostLegacy delegates to legacy getPostContent","invocations":1,"location":null,"numPassingAsserts":2,"retryReasons":[],"status":"passed","title":"getPostLegacy delegates to legacy getPostContent"},{"ancestorTitles":["Public API (index.js) - unit (mocked)"],"duration":2,"failureDetails":[],"failureMessages":[],"fullName":"Public API (index.js) - unit (mocked) getPosts iterates, calls delay, onProgress, and returns posts","invocations":1,"location":null,"numPassingAsserts":8,"retryReasons":[],"status":"passed","title":"getPosts iterates, calls delay, onProgress, and returns posts"},{"ancestorTitles":["Public API (index.js) - unit (mocked)"],"duration":0,"failureDetails":[],"failureMessages":[],"fullName":"Public API (index.js) - unit (mocked) getRandomUserAgent comes from util (mocked)","invocations":1,"location":null,"numPassingAsserts":2,"retryReasons":[],"status":"passed","title":"getRandomUserAgent comes from util (mocked)"}],"endTime":1755789218236,"message":"","name":"C:\\Users\\Lamin\\Documents\\Github\\dcinside-exporter\\tests\\index.test.js","startTime":1755789218098,"status":"passed","summary":""},{"assertionResults":[{"ancestorTitles":["validateNumberInput"],"duration":0,"failureDetails":[],"failureMessages":[],"fullName":"validateNumberInput 정상적인 숫자 입력 시 해당 숫자 반환","invocations":1,"location":null,"numPassingAsserts":2,"retryReasons":[],"status":"passed","title":"정상적인 숫자 입력 시 해당 숫자 반환"},{"ancestorTitles":["validateNumberInput"],"duration":1,"failureDetails":[],"failureMessages":[],"fullName":"validateNumberInput 숫자가 아닌 입력 시 기본값 반환","invocations":1,"location":null,"numPassingAsserts":2,"retryReasons":[],"status":"passed","title":"숫자가 아닌 입력 시 기본값 반환"},{"ancestorTitles":["delay"],"duration":103,"failureDetails":[],"failureMessages":[],"fullName":"delay 지연 시간이 정상적으로 동작하는지 확인","invocations":1,"location":null,"numPassingAsserts":1,"retryReasons":[],"status":"passed","title":"지연 시간이 정상적으로 동작하는지 확인"}],"endTime":1755789218391,"message":"","name":"C:\\Users\\Lamin\\Documents\\Github\\dcinside-exporter\\tests\\util.test.js","startTime":1755789218240,"status":"passed","summary":""},{"assertionResults":[{"ancestorTitles":["search parsing"],"duration":9,"failureDetails":[],"failureMessages":[],"fullName":"search parsing parseSearchHtml extracts query, galleries and posts","invocations":1,"location":null,"numPassingAsserts":9,"retryReasons":[],"status":"passed","title":"parseSearchHtml extracts query, galleries and posts"},{"ancestorTitles":["search parsing"],"duration":3,"failureDetails":[],"failureMessages":[],"fullName":"search parsing search() fetches and parses HTML","invocations":1,"location":null,"numPassingAsserts":2,"retryReasons":[],"status":"passed","title":"search() fetches and parses HTML"},{"ancestorTitles":["search parsing"],"duration":4,"failureDetails":[],"failureMessages":[],"fullName":"search parsing search() supports sort option (latest)","invocations":1,"location":null,"numPassingAsserts":2,"retryReasons":[],"status":"passed","title":"search() supports sort option (latest)"},{"ancestorTitles":["search parsing"],"duration":0,"failureDetails":[],"failureMessages":[],"fullName":"search parsing search() throws on empty query","invocations":1,"location":null,"numPassingAsserts":1,"retryReasons":[],"status":"passed","title":"search() throws on empty query"}],"endTime":1755789218501,"message":"","name":"C:\\Users\\Lamin\\Documents\\Github\\dcinside-exporter\\tests\\search.test.js","startTime":1755789218393,"status":"passed","summary":""},{"assertionResults":[{"ancestorTitles":["autocomplete encoding"],"duration":0,"failureDetails":[],"failureMessages":[],"fullName":"autocomplete encoding encodes ASCII correctly","invocations":1,"location":null,"numPassingAsserts":2,"retryReasons":[],"status":"passed","title":"encodes ASCII correctly"},{"ancestorTitles":["autocomplete encoding"],"duration":0,"failureDetails":[],"failureMessages":[],"fullName":"autocomplete encoding encodes UTF-8 (Korean) correctly","invocations":1,"location":null,"numPassingAsserts":1,"retryReasons":[],"status":"passed","title":"encodes UTF-8 (Korean) correctly"},{"ancestorTitles":["getAutocomplete"],"duration":0,"failureDetails":[],"failureMessages":[],"fullName":"getAutocomplete returns parsed JSON from JSONP","invocations":1,"location":null,"numPassingAsserts":3,"retryReasons":[],"status":"passed","title":"returns parsed JSON from JSONP"},{"ancestorTitles":["getAutocomplete"],"duration":0,"failureDetails":[],"failureMessages":[],"fullName":"getAutocomplete throws on empty query","invocations":1,"location":null,"numPassingAsserts":1,"retryReasons":[],"status":"passed","title":"throws on empty query"},{"ancestorTitles":["getAutocomplete"],"duration":0,"failureDetails":[],"failureMessages":[],"fullName":"getAutocomplete throws CrawlError on invalid JSONP","invocations":1,"location":null,"numPassingAsserts":1,"retryReasons":[],"status":"passed","title":"throws CrawlError on invalid JSONP"}],"endTime":1755789218565,"message":"","name":"C:\\Users\\Lamin\\Documents\\Github\\dcinside-exporter\\tests\\autocomplete.test.js","startTime":1755789218505,"status":"passed","summary":""}],"wasInterrupted":false}
